<?xml version="1.0" encoding="UTF-8"?>
<robot generator="Robot 3.2 (Python 3.6.5 on win32)" generated="20200501 22:41:29.330" rpa="false">
<suite id="s1" name="RFtest" source="C:\Users\linmb\PycharmProjects\RFProject3.6.5\robotframe\RFtest.robot">
<test id="s1-t1" name="testcase1">
<kw name="Log" library="BuiltIn">
<doc>Logs the given message with the given level.</doc>
<arguments>
<arg>robot framework</arg>
</arguments>
<msg timestamp="20200501 22:41:29.376" level="INFO">robot framework</msg>
<status status="PASS" starttime="20200501 22:41:29.376" endtime="20200501 22:41:29.376"></status>
</kw>
<kw name="Get Current Date" library="DateTime">
<doc>Returns current local or UTC time with an optional increment.</doc>
<arguments>
<arg>result_format=timestamp</arg>
</arguments>
<assign>
<var>${time}</var>
</assign>
<msg timestamp="20200501 22:41:29.377" level="INFO">${time} = 2020-05-01 22:41:29.377</msg>
<status status="PASS" starttime="20200501 22:41:29.376" endtime="20200501 22:41:29.377"></status>
</kw>
<kw name="Log" library="BuiltIn">
<doc>Logs the given message with the given level.</doc>
<arguments>
<arg>${time}</arg>
</arguments>
<msg timestamp="20200501 22:41:29.377" level="INFO">2020-05-01 22:41:29.377</msg>
<status status="PASS" starttime="20200501 22:41:29.377" endtime="20200501 22:41:29.377"></status>
</kw>
<status status="PASS" starttime="20200501 22:41:29.375" endtime="20200501 22:41:29.377" critical="yes"></status>
</test>
<status status="PASS" starttime="20200501 22:41:29.332" endtime="20200501 22:41:29.378"></status>
</suite>
<statistics>
<total>
<stat pass="1" fail="0">Critical Tests</stat>
<stat pass="1" fail="0">All Tests</stat>
</total>
<tag>
</tag>
<suite>
<stat pass="1" fail="0" id="s1" name="RFtest">RFtest</stat>
</suite>
</statistics>
<errors>
</errors>
</robot>
