<?xml version="1.0" encoding="UTF-8"?>
<robot generator="Robot 3.2.1 (Python 3.6.6 on linux)" generated="20200513 17:35:12.337" rpa="false">
<suite id="s1" name="Login" source="/var/lib/jenkins/workspace/robotFrameWorkProject/login.robot">
<test id="s1-t1" name="logtest">
<kw name="Log" library="BuiltIn">
<doc>Logs the given message with the given level.</doc>
<arguments>
<arg>${time}</arg>
</arguments>
<msg timestamp="20200513 17:35:12.845" level="INFO">Get Current Date result_format=timestamp</msg>
<status status="PASS" starttime="20200513 17:35:12.844" endtime="20200513 17:35:12.845"></status>
</kw>
<kw name="Log" library="BuiltIn">
<doc>Logs the given message with the given level.</doc>
<arguments>
<arg>get time</arg>
</arguments>
<msg timestamp="20200513 17:35:12.845" level="INFO">get time</msg>
<status status="PASS" starttime="20200513 17:35:12.845" endtime="20200513 17:35:12.845"></status>
</kw>
<kw name="Sleep" library="BuiltIn">
<doc>Pauses the test executed for the given time.</doc>
<arguments>
<arg>2</arg>
</arguments>
<msg timestamp="20200513 17:35:14.846" level="INFO">Slept 2 seconds</msg>
<status status="PASS" starttime="20200513 17:35:12.845" endtime="20200513 17:35:14.846"></status>
</kw>
<status status="PASS" starttime="20200513 17:35:12.843" endtime="20200513 17:35:14.847" critical="yes"></status>
</test>
<status status="PASS" starttime="20200513 17:35:12.338" endtime="20200513 17:35:14.847"></status>
</suite>
<statistics>
<total>
<stat pass="1" fail="0">Critical Tests</stat>
<stat pass="1" fail="0">All Tests</stat>
</total>
<tag>
</tag>
<suite>
<stat pass="1" fail="0" id="s1" name="Login">Login</stat>
</suite>
</statistics>
<errors>
</errors>
</robot>
